<?xml version="1.0" encoding="UTF-8"?>
<testng-results ignored="0" total="1" passed="1" failed="0" skipped="0">
  <reporter-output>
  </reporter-output>
  <suite started-at="2024-04-27T16:53:12 IST" name="Suite" finished-at="2024-04-27T16:53:16 IST" duration-ms="3238">
    <groups>
    </groups>
    <test started-at="2024-04-27T16:53:12 IST" name="Test" finished-at="2024-04-27T16:53:16 IST" duration-ms="3238">
      <class name="com.facebook.Login">
        <test-method is-config="true" signature="launchBrowser()[pri:0, instance:com.facebook.Login@6107227e]" started-at="2024-04-27T16:53:12 IST" name="launchBrowser" finished-at="2024-04-27T16:53:14 IST" duration-ms="1902" status="PASS">
          <reporter-output>
          </reporter-output>
        </test-method> <!-- launchBrowser -->
        <test-method signature="navigate(java.lang.String)[pri:0, instance:com.facebook.Login@6107227e]" started-at="2024-04-27T16:53:14 IST" name="navigate" finished-at="2024-04-27T16:53:15 IST" duration-ms="1143" status="PASS">
          <params>
            <param index="0">
              <value>
                <![CDATA[https://www.myntra.com/]]>
              </value>
            </param>
          </params>
          <reporter-output>
          </reporter-output>
        </test-method> <!-- navigate -->
        <test-method is-config="true" signature="close()[pri:0, instance:com.facebook.Login@6107227e]" started-at="2024-04-27T16:53:15 IST" name="close" finished-at="2024-04-27T16:53:16 IST" duration-ms="182" status="PASS">
          <reporter-output>
          </reporter-output>
        </test-method> <!-- close -->
      </class> <!-- com.facebook.Login -->
    </test> <!-- Test -->
  </suite> <!-- Suite -->
</testng-results>
