<?xml version="1.0" encoding="UTF-8"?>
<testng-results ignored="0" total="1" passed="1" failed="0" skipped="0">
  <reporter-output>
  </reporter-output>
  <suite started-at="2024-04-27T16:24:37 IST" name="Suite" finished-at="2024-04-27T16:24:39 IST" duration-ms="2186">
    <groups>
    </groups>
    <test started-at="2024-04-27T16:24:37 IST" name="Test" finished-at="2024-04-27T16:24:39 IST" duration-ms="2186">
      <class name="com.facebook.Login">
        <test-method is-config="true" signature="launchBrowser()[pri:0, instance:com.facebook.Login@188715b5]" started-at="2024-04-27T16:24:37 IST" name="launchBrowser" finished-at="2024-04-27T16:24:38 IST" duration-ms="917" status="PASS">
          <reporter-output>
          </reporter-output>
        </test-method> <!-- launchBrowser -->
        <test-method signature="navigate(java.lang.String)[pri:0, instance:com.facebook.Login@188715b5]" started-at="2024-04-27T16:24:38 IST" name="navigate" finished-at="2024-04-27T16:24:39 IST" duration-ms="1165" status="PASS">
          <params>
            <param index="0">
              <value>
                <![CDATA[https://www.myntra.com/]]>
              </value>
            </param>
          </params>
          <reporter-output>
          </reporter-output>
        </test-method> <!-- navigate -->
        <test-method is-config="true" signature="close()[pri:0, instance:com.facebook.Login@188715b5]" started-at="2024-04-27T16:24:39 IST" name="close" finished-at="2024-04-27T16:24:39 IST" duration-ms="93" status="PASS">
          <reporter-output>
          </reporter-output>
        </test-method> <!-- close -->
      </class> <!-- com.facebook.Login -->
    </test> <!-- Test -->
  </suite> <!-- Suite -->
</testng-results>
